<?xml version="1.0" encoding="UTF-8"?>
<!-- Generated by org.testng.reporters.JUnitReportReporter -->
<testsuite hostname="LAPTOP-3RVOSM2P" failures="0" tests="1" name="testArtifactID.TestNG1" time="0.032" errors="0" timestamp="2023-03-20T07:08:12 EDT" skipped="0">
  <testcase classname="testArtifactID.TestNG1" name="test1" time="0.032"/>
  <system-out/>
</testsuite> <!-- testArtifactID.TestNG1 -->
